2025-06-27 16:55:01,780 - INFO -  * Detected change in 'd:\\College-Project\\test.py', reloading
2025-06-27 16:55:02,277 - INFO -  * Restarting with stat
2025-06-27 16:55:02,788 - INFO - Attempting MongoDB connection (attempt 1/3)...
2025-06-27 16:55:02,821 - INFO - MongoDB connection established successfully
2025-06-27 16:55:02,823 - INFO - Database indexes created/verified
2025-06-27 16:55:02,829 - INFO - Starting FraudShield Authentication API...
2025-06-27 16:55:02,829 - INFO - Max login attempts: 5
2025-06-27 16:55:02,829 - INFO - Lockout duration: 30 minutes
2025-06-27 16:55:02,829 - INFO - Database: mongodb://localhost:27017/fraudshield
2025-06-27 16:55:02,829 - INFO - Authentication API is ready!
2025-06-27 16:55:02,829 - INFO - Default admin: admin@fraudshield.com / Admin@123!
2025-06-27 16:55:02,852 - WARNING -  * Debugger is active!
2025-06-27 16:55:02,854 - INFO -  * Debugger PIN: 298-914-561
2025-06-27 16:57:20,935 - INFO - Attempting MongoDB connection (attempt 1/3)...
2025-06-27 16:57:20,961 - INFO - MongoDB connection established successfully
2025-06-27 16:57:20,962 - INFO - Database indexes created/verified
2025-06-27 16:57:20,967 - INFO - Starting FraudShield Authentication API...
2025-06-27 16:57:20,967 - INFO - Max login attempts: 5
2025-06-27 16:57:20,967 - INFO - Lockout duration: 30 minutes
2025-06-27 16:57:20,967 - INFO - Database: mongodb://localhost:27017/fraudshield
2025-06-27 16:57:20,967 - INFO - Authentication API is ready!
2025-06-27 16:57:20,967 - INFO - Default admin: admin@fraudshield.com / Admin@123!
2025-06-27 16:57:20,991 - INFO - [31m[1mWARNING: This is a development server. Do not use it in a production deployment. Use a production WSGI server instead.[0m
 * Running on http://127.0.0.1:5001
2025-06-27 16:57:20,991 - INFO - [33mPress CTRL+C to quit[0m
2025-06-27 16:57:20,993 - INFO -  * Restarting with stat
2025-06-27 16:57:21,361 - INFO - Attempting MongoDB connection (attempt 1/3)...
2025-06-27 16:57:21,370 - INFO - MongoDB connection established successfully
2025-06-27 16:57:21,372 - INFO - Database indexes created/verified
2025-06-27 16:57:21,377 - INFO - Starting FraudShield Authentication API...
2025-06-27 16:57:21,377 - INFO - Max login attempts: 5
2025-06-27 16:57:21,377 - INFO - Lockout duration: 30 minutes
2025-06-27 16:57:21,377 - INFO - Database: mongodb://localhost:27017/fraudshield
2025-06-27 16:57:21,377 - INFO - Authentication API is ready!
2025-06-27 16:57:21,377 - INFO - Default admin: admin@fraudshield.com / Admin@123!
2025-06-27 16:57:21,396 - WARNING -  * Debugger is active!
2025-06-27 16:57:21,398 - INFO -  * Debugger PIN: 298-914-561
2025-06-27 17:00:46,419 - INFO -  * Detected change in 'd:\\College-Project\\logic\\fraud_checker.py', reloading
2025-06-27 17:00:46,732 - INFO -  * Restarting with stat
2025-06-27 17:00:47,134 - INFO - Attempting MongoDB connection (attempt 1/3)...
2025-06-27 17:00:47,162 - INFO - MongoDB connection established successfully
2025-06-27 17:00:47,165 - INFO - Database indexes created/verified
2025-06-27 17:00:47,169 - INFO - Starting FraudShield Authentication API...
2025-06-27 17:00:47,169 - INFO - Max login attempts: 5
2025-06-27 17:00:47,169 - INFO - Lockout duration: 30 minutes
2025-06-27 17:00:47,169 - INFO - Database: mongodb://localhost:27017/fraudshield
2025-06-27 17:00:47,171 - INFO - Authentication API is ready!
2025-06-27 17:00:47,171 - INFO - Default admin: admin@fraudshield.com / Admin@123!
2025-06-27 17:00:47,191 - WARNING -  * Debugger is active!
2025-06-27 17:00:47,194 - INFO -  * Debugger PIN: 298-914-561
2025-06-27 17:01:36,516 - INFO -  * Detected change in 'd:\\College-Project\\logic\\fraud_checker.py', reloading
2025-06-27 17:01:36,853 - INFO -  * Restarting with stat
2025-06-27 17:01:37,261 - INFO - Attempting MongoDB connection (attempt 1/3)...
2025-06-27 17:01:37,276 - INFO - MongoDB connection established successfully
2025-06-27 17:01:37,278 - INFO - Database indexes created/verified
2025-06-27 17:01:37,282 - INFO - Starting FraudShield Authentication API...
2025-06-27 17:01:37,283 - INFO - Max login attempts: 5
2025-06-27 17:01:37,283 - INFO - Lockout duration: 30 minutes
2025-06-27 17:01:37,283 - INFO - Database: mongodb://localhost:27017/fraudshield
2025-06-27 17:01:37,283 - INFO - Authentication API is ready!
2025-06-27 17:01:37,283 - INFO - Default admin: admin@fraudshield.com / Admin@123!
2025-06-27 17:01:37,308 - WARNING -  * Debugger is active!
2025-06-27 17:01:37,310 - INFO -  * Debugger PIN: 298-914-561
2025-06-27 17:01:38,322 - INFO -  * Detected change in 'd:\\College-Project\\logic\\fraud_checker.py', reloading
2025-06-27 17:01:38,847 - INFO -  * Restarting with stat
2025-06-27 17:01:39,275 - INFO - Attempting MongoDB connection (attempt 1/3)...
2025-06-27 17:01:39,287 - INFO - MongoDB connection established successfully
2025-06-27 17:01:39,288 - INFO - Database indexes created/verified
2025-06-27 17:01:39,293 - INFO - Starting FraudShield Authentication API...
2025-06-27 17:01:39,294 - INFO - Max login attempts: 5
2025-06-27 17:01:39,294 - INFO - Lockout duration: 30 minutes
2025-06-27 17:01:39,294 - INFO - Database: mongodb://localhost:27017/fraudshield
2025-06-27 17:01:39,294 - INFO - Authentication API is ready!
2025-06-27 17:01:39,294 - INFO - Default admin: admin@fraudshield.com / Admin@123!
2025-06-27 17:01:39,317 - WARNING -  * Debugger is active!
2025-06-27 17:01:39,319 - INFO -  * Debugger PIN: 298-914-561
2025-06-27 17:01:40,334 - INFO -  * Detected change in 'd:\\College-Project\\logic\\fraud_checker.py', reloading
2025-06-27 17:01:40,856 - INFO -  * Restarting with stat
2025-06-27 17:01:41,260 - INFO - Attempting MongoDB connection (attempt 1/3)...
2025-06-27 17:01:41,279 - INFO - MongoDB connection established successfully
2025-06-27 17:01:41,281 - INFO - Database indexes created/verified
2025-06-27 17:01:41,285 - INFO - Starting FraudShield Authentication API...
2025-06-27 17:01:41,285 - INFO - Max login attempts: 5
2025-06-27 17:01:41,286 - INFO - Lockout duration: 30 minutes
2025-06-27 17:01:41,286 - INFO - Database: mongodb://localhost:27017/fraudshield
2025-06-27 17:01:41,287 - INFO - Authentication API is ready!
2025-06-27 17:01:41,287 - INFO - Default admin: admin@fraudshield.com / Admin@123!
2025-06-27 17:01:41,308 - WARNING -  * Debugger is active!
2025-06-27 17:01:41,310 - INFO -  * Debugger PIN: 298-914-561
2025-06-27 17:01:57,408 - INFO -  * Detected change in 'd:\\College-Project\\logic\\fraud_checker.py', reloading
2025-06-27 17:01:57,943 - INFO -  * Restarting with stat
2025-06-27 17:01:58,478 - INFO - Attempting MongoDB connection (attempt 1/3)...
2025-06-27 17:01:58,489 - INFO - MongoDB connection established successfully
2025-06-27 17:01:58,492 - INFO - Database indexes created/verified
2025-06-27 17:01:58,496 - INFO - Starting FraudShield Authentication API...
2025-06-27 17:01:58,496 - INFO - Max login attempts: 5
2025-06-27 17:01:58,496 - INFO - Lockout duration: 30 minutes
2025-06-27 17:01:58,497 - INFO - Database: mongodb://localhost:27017/fraudshield
2025-06-27 17:01:58,497 - INFO - Authentication API is ready!
2025-06-27 17:01:58,497 - INFO - Default admin: admin@fraudshield.com / Admin@123!
2025-06-27 17:01:58,518 - WARNING -  * Debugger is active!
2025-06-27 17:01:58,520 - INFO -  * Debugger PIN: 298-914-561
2025-06-27 17:02:25,672 - INFO -  * Detected change in 'd:\\College-Project\\logic\\fraud_checker.py', reloading
2025-06-27 17:02:26,156 - INFO -  * Restarting with stat
2025-06-27 17:02:26,637 - INFO - Attempting MongoDB connection (attempt 1/3)...
2025-06-27 17:02:26,649 - INFO - MongoDB connection established successfully
2025-06-27 17:02:26,652 - INFO - Database indexes created/verified
2025-06-27 17:02:26,658 - INFO - Starting FraudShield Authentication API...
2025-06-27 17:02:26,661 - INFO - Max login attempts: 5
2025-06-27 17:02:26,662 - INFO - Lockout duration: 30 minutes
2025-06-27 17:02:26,662 - INFO - Database: mongodb://localhost:27017/fraudshield
2025-06-27 17:02:26,662 - INFO - Authentication API is ready!
2025-06-27 17:02:26,662 - INFO - Default admin: admin@fraudshield.com / Admin@123!
2025-06-27 17:02:26,687 - WARNING -  * Debugger is active!
2025-06-27 17:02:26,690 - INFO -  * Debugger PIN: 298-914-561
2025-06-27 17:02:35,747 - INFO -  * Detected change in 'd:\\College-Project\\logic\\fraud_checker.py', reloading
2025-06-27 17:02:36,245 - INFO -  * Restarting with stat
2025-06-27 17:02:36,794 - INFO - Attempting MongoDB connection (attempt 1/3)...
2025-06-27 17:02:36,826 - INFO - MongoDB connection established successfully
2025-06-27 17:02:36,828 - INFO - Database indexes created/verified
2025-06-27 17:02:36,833 - INFO - Starting FraudShield Authentication API...
2025-06-27 17:02:36,834 - INFO - Max login attempts: 5
2025-06-27 17:02:36,834 - INFO - Lockout duration: 30 minutes
2025-06-27 17:02:36,834 - INFO - Database: mongodb://localhost:27017/fraudshield
2025-06-27 17:02:36,834 - INFO - Authentication API is ready!
2025-06-27 17:02:36,834 - INFO - Default admin: admin@fraudshield.com / Admin@123!
2025-06-27 17:02:36,856 - WARNING -  * Debugger is active!
2025-06-27 17:02:36,860 - INFO -  * Debugger PIN: 298-914-561
2025-06-27 17:03:44,277 - INFO -  * Detected change in 'd:\\College-Project\\logic\\bulk_api.py', reloading
2025-06-27 17:03:44,507 - INFO -  * Restarting with stat
2025-06-27 17:03:44,981 - INFO - Attempting MongoDB connection (attempt 1/3)...
2025-06-27 17:03:45,008 - INFO - MongoDB connection established successfully
2025-06-27 17:03:45,012 - INFO - Database indexes created/verified
2025-06-27 17:03:45,018 - INFO - Starting FraudShield Authentication API...
2025-06-27 17:03:45,018 - INFO - Max login attempts: 5
2025-06-27 17:03:45,018 - INFO - Lockout duration: 30 minutes
2025-06-27 17:03:45,018 - INFO - Database: mongodb://localhost:27017/fraudshield
2025-06-27 17:03:45,018 - INFO - Authentication API is ready!
2025-06-27 17:03:45,019 - INFO - Default admin: admin@fraudshield.com / Admin@123!
2025-06-27 17:03:45,042 - WARNING -  * Debugger is active!
2025-06-27 17:03:45,045 - INFO -  * Debugger PIN: 298-914-561
2025-06-27 17:10:57,330 - INFO -  * Detected change in 'd:\\College-Project\\logic\\bulk_api.py', reloading
2025-06-27 17:10:57,795 - INFO -  * Restarting with stat
2025-06-27 17:10:58,326 - INFO - Attempting MongoDB connection (attempt 1/3)...
2025-06-27 17:10:58,338 - INFO - MongoDB connection established successfully
2025-06-27 17:10:58,341 - INFO - Database indexes created/verified
2025-06-27 17:10:58,346 - INFO - Starting FraudShield Authentication API...
2025-06-27 17:10:58,346 - INFO - Max login attempts: 5
2025-06-27 17:10:58,346 - INFO - Lockout duration: 30 minutes
2025-06-27 17:10:58,347 - INFO - Database: mongodb://localhost:27017/fraudshield
2025-06-27 17:10:58,347 - INFO - Authentication API is ready!
2025-06-27 17:10:58,347 - INFO - Default admin: admin@fraudshield.com / Admin@123!
2025-06-27 17:10:58,368 - WARNING -  * Debugger is active!
2025-06-27 17:10:58,371 - INFO -  * Debugger PIN: 298-914-561
2025-06-27 17:11:09,449 - INFO -  * Detected change in 'd:\\College-Project\\logic\\bulk_api.py', reloading
2025-06-27 17:11:09,945 - INFO -  * Restarting with stat
2025-06-27 17:11:10,474 - INFO - Attempting MongoDB connection (attempt 1/3)...
2025-06-27 17:11:10,486 - INFO - MongoDB connection established successfully
2025-06-27 17:11:10,488 - INFO - Database indexes created/verified
2025-06-27 17:11:10,494 - INFO - Starting FraudShield Authentication API...
2025-06-27 17:11:10,494 - INFO - Max login attempts: 5
2025-06-27 17:11:10,494 - INFO - Lockout duration: 30 minutes
2025-06-27 17:11:10,495 - INFO - Database: mongodb://localhost:27017/fraudshield
2025-06-27 17:11:10,495 - INFO - Authentication API is ready!
2025-06-27 17:11:10,495 - INFO - Default admin: admin@fraudshield.com / Admin@123!
2025-06-27 17:11:10,518 - WARNING -  * Debugger is active!
2025-06-27 17:11:10,520 - INFO -  * Debugger PIN: 298-914-561
2025-06-27 17:11:33,637 - INFO - Attempting MongoDB connection (attempt 1/3)...
2025-06-27 17:11:33,674 - INFO - MongoDB connection established successfully
2025-06-27 17:11:33,676 - INFO - Database indexes created/verified
2025-06-27 17:11:33,682 - INFO - Starting FraudShield Authentication API...
2025-06-27 17:11:33,682 - INFO - Max login attempts: 5
2025-06-27 17:11:33,682 - INFO - Lockout duration: 30 minutes
2025-06-27 17:11:33,682 - INFO - Database: mongodb://localhost:27017/fraudshield
2025-06-27 17:11:33,682 - INFO - Authentication API is ready!
2025-06-27 17:11:33,682 - INFO - Default admin: admin@fraudshield.com / Admin@123!
2025-06-27 17:11:33,711 - INFO - [31m[1mWARNING: This is a development server. Do not use it in a production deployment. Use a production WSGI server instead.[0m
 * Running on http://127.0.0.1:5001
2025-06-27 17:11:33,711 - INFO - [33mPress CTRL+C to quit[0m
2025-06-27 17:11:33,712 - INFO -  * Restarting with stat
2025-06-27 17:11:34,217 - INFO - Attempting MongoDB connection (attempt 1/3)...
2025-06-27 17:11:34,265 - INFO - MongoDB connection established successfully
2025-06-27 17:11:34,268 - INFO - Database indexes created/verified
2025-06-27 17:11:34,278 - INFO - Starting FraudShield Authentication API...
2025-06-27 17:11:34,278 - INFO - Max login attempts: 5
2025-06-27 17:11:34,279 - INFO - Lockout duration: 30 minutes
2025-06-27 17:11:34,279 - INFO - Database: mongodb://localhost:27017/fraudshield
2025-06-27 17:11:34,279 - INFO - Authentication API is ready!
2025-06-27 17:11:34,279 - INFO - Default admin: admin@fraudshield.com / Admin@123!
2025-06-27 17:11:34,308 - WARNING -  * Debugger is active!
2025-06-27 17:11:34,311 - INFO -  * Debugger PIN: 298-914-561
2025-06-27 17:15:27,370 - INFO - 127.0.0.1 - - [27/Jun/2025 17:15:27] "OPTIONS /auth/health HTTP/1.1" 200 -
2025-06-27 17:15:27,382 - INFO - 127.0.0.1 - - [27/Jun/2025 17:15:27] "GET /auth/health HTTP/1.1" 200 -
2025-06-27 17:15:34,530 - INFO - 127.0.0.1 - - [27/Jun/2025 17:15:34] "OPTIONS /auth/login HTTP/1.1" 200 -
2025-06-27 17:15:34,823 - ERROR - [ERROR] Failed to create session: E11000 duplicate key error collection: fraudshield.sessions index: token_1 dup key: { token: null }, full error: {'index': 0, 'code': 11000, 'errmsg': 'E11000 duplicate key error collection: fraudshield.sessions index: token_1 dup key: { token: null }', 'keyPattern': {'token': 1}, 'keyValue': {'token': None}} | Extra: None
2025-06-27 17:15:34,825 - INFO - Auth attempt - Email: admin@fraudshield.com, Success: True, IP: 127.0.0.1
2025-06-27 17:15:34,825 - INFO - User logged in successfully: admin@fraudshield.com
2025-06-27 17:15:34,826 - INFO - 127.0.0.1 - - [27/Jun/2025 17:15:34] "POST /auth/login HTTP/1.1" 200 -
2025-06-27 17:15:37,435 - INFO - 127.0.0.1 - - [27/Jun/2025 17:15:37] "OPTIONS /auth/admin/stats HTTP/1.1" 200 -
2025-06-27 17:15:37,458 - INFO - 127.0.0.1 - - [27/Jun/2025 17:15:37] "GET /auth/admin/stats HTTP/1.1" 200 -
2025-06-27 17:17:44,087 - INFO - 127.0.0.1 - - [27/Jun/2025 17:17:44] "OPTIONS /auth/admin/stats HTTP/1.1" 200 -
2025-06-27 17:17:44,105 - INFO - 127.0.0.1 - - [27/Jun/2025 17:17:44] "GET /auth/admin/stats HTTP/1.1" 200 -
2025-06-27 17:17:46,622 - INFO - 127.0.0.1 - - [27/Jun/2025 17:17:46] "GET /auth/admin/stats HTTP/1.1" 200 -
2025-06-27 17:17:47,682 - INFO - 127.0.0.1 - - [27/Jun/2025 17:17:47] "GET /auth/admin/stats HTTP/1.1" 200 -
2025-06-27 17:19:39,649 - INFO - 127.0.0.1 - - [27/Jun/2025 17:19:39] "OPTIONS /auth/admin/stats HTTP/1.1" 200 -
2025-06-27 17:19:39,672 - INFO - 127.0.0.1 - - [27/Jun/2025 17:19:39] "GET /auth/admin/stats HTTP/1.1" 200 -
2025-06-27 17:20:45,048 - INFO - 127.0.0.1 - - [27/Jun/2025 17:20:45] "OPTIONS /auth/admin/stats HTTP/1.1" 200 -
2025-06-27 17:20:45,065 - INFO - 127.0.0.1 - - [27/Jun/2025 17:20:45] "GET /auth/admin/stats HTTP/1.1" 200 -
2025-06-27 17:20:45,252 - INFO - 127.0.0.1 - - [27/Jun/2025 17:20:45] "GET /auth/admin/stats HTTP/1.1" 200 -
2025-06-27 17:20:45,482 - INFO - 127.0.0.1 - - [27/Jun/2025 17:20:45] "GET /auth/admin/stats HTTP/1.1" 200 -
2025-06-27 17:21:13,259 - INFO - 127.0.0.1 - - [27/Jun/2025 17:21:13] "OPTIONS /auth/admin/stats HTTP/1.1" 200 -
2025-06-27 17:21:13,278 - INFO - 127.0.0.1 - - [27/Jun/2025 17:21:13] "GET /auth/admin/stats HTTP/1.1" 200 -
2025-06-27 17:22:22,488 - INFO - 127.0.0.1 - - [27/Jun/2025 17:22:22] "OPTIONS /auth/admin/stats HTTP/1.1" 200 -
2025-06-27 17:22:22,506 - INFO - 127.0.0.1 - - [27/Jun/2025 17:22:22] "GET /auth/admin/stats HTTP/1.1" 200 -
2025-06-27 17:22:24,221 - INFO - 127.0.0.1 - - [27/Jun/2025 17:22:24] "GET /auth/admin/stats HTTP/1.1" 200 -
2025-06-27 17:22:24,517 - INFO - 127.0.0.1 - - [27/Jun/2025 17:22:24] "GET /auth/admin/stats HTTP/1.1" 200 -
2025-06-27 17:23:45,897 - INFO - 127.0.0.1 - - [27/Jun/2025 17:23:45] "OPTIONS /auth/admin/stats HTTP/1.1" 200 -
2025-06-27 17:23:45,914 - INFO - 127.0.0.1 - - [27/Jun/2025 17:23:45] "GET /auth/admin/stats HTTP/1.1" 200 -
